<?xml version="1.0" encoding="UTF-8"?>
<testng-results skipped="0" failed="0" ignored="0" total="1" passed="1">
  <reporter-output>
  </reporter-output>
  <suite name="Runner.Testngrunner" duration-ms="12764" started-at="2022-08-11T21:31:49 IST" finished-at="2022-08-11T21:32:02 IST">
    <groups>
      <group name="cucumber">
        <method signature="AbstractTestNGCucumberTests.runScenario(io.cucumber.testng.PickleWrapper,io.cucumber.testng.FeatureWrapper)[pri:0, instance:Runner.Testngrunner@50b494a6]" name="runScenario" class="io.cucumber.testng.AbstractTestNGCucumberTests"/>
      </group> <!-- cucumber -->
    </groups>
    <test name="Command line test" duration-ms="12764" started-at="2022-08-11T21:31:49 IST" finished-at="2022-08-11T21:32:02 IST">
      <class name="Runner.Testngrunner">
        <test-method status="PASS" signature="setUpClass(org.testng.ITestContext)[pri:0, instance:Runner.Testngrunner@50b494a6]" name="setUpClass" is-config="true" duration-ms="373" started-at="2022-08-11T21:31:49 IST" finished-at="2022-08-11T21:31:50 IST">
          <params>
            <param index="0">
              <value>
                <![CDATA[org.testng.TestRunner@32057e6]]>
              </value>
            </param>
          </params>
          <reporter-output>
          </reporter-output>
        </test-method> <!-- setUpClass -->
        <test-method status="PASS" signature="runScenario(io.cucumber.testng.PickleWrapper,io.cucumber.testng.FeatureWrapper)[pri:0, instance:Runner.Testngrunner@50b494a6]" name="runScenario" duration-ms="12304" started-at="2022-08-11T21:31:50 IST" description="Runs Cucumber Scenarios" data-provider="scenarios" finished-at="2022-08-11T21:32:02 IST">
          <params>
            <param index="0">
              <value>
                <![CDATA["To validate the test"]]>
              </value>
            </param>
            <param index="1">
              <value>
                <![CDATA["To test OrangeHRM"]]>
              </value>
            </param>
          </params>
          <reporter-output>
          </reporter-output>
        </test-method> <!-- runScenario -->
        <test-method status="PASS" signature="tearDownClass()[pri:0, instance:Runner.Testngrunner@50b494a6]" name="tearDownClass" is-config="true" duration-ms="23" started-at="2022-08-11T21:32:02 IST" finished-at="2022-08-11T21:32:02 IST">
          <reporter-output>
          </reporter-output>
        </test-method> <!-- tearDownClass -->
      </class> <!-- Runner.Testngrunner -->
    </test> <!-- Command line test -->
  </suite> <!-- Runner.Testngrunner -->
</testng-results>
