<?xml version="1.0" encoding="UTF-8"?>
<testng-results ignored="0" total="1" passed="1" failed="0" skipped="0">
  <reporter-output>
  </reporter-output>
  <suite started-at="2022-08-11T22:00:23 IST" name="Default suite" finished-at="2022-08-11T22:00:36 IST" duration-ms="13290">
    <groups>
      <group name="cucumber">
        <method signature="AbstractTestNGCucumberTests.runScenario(io.cucumber.testng.PickleWrapper,io.cucumber.testng.FeatureWrapper)[pri:0, instance:Runner.Testngrunner@f5acb9d]" name="runScenario" class="io.cucumber.testng.AbstractTestNGCucumberTests"/>
      </group> <!-- cucumber -->
    </groups>
    <test started-at="2022-08-11T22:00:23 IST" name="Default test" finished-at="2022-08-11T22:00:36 IST" duration-ms="13290">
      <class name="Runner.Testngrunner">
        <test-method is-config="true" signature="setUpClass(org.testng.ITestContext)[pri:0, instance:Runner.Testngrunner@f5acb9d]" started-at="2022-08-11T22:00:23 IST" name="setUpClass" finished-at="2022-08-11T22:00:24 IST" duration-ms="965" status="PASS">
          <params>
            <param index="0">
              <value>
                <![CDATA[org.testng.TestRunner@480ad82c]]>
              </value>
            </param>
          </params>
          <reporter-output>
          </reporter-output>
        </test-method> <!-- setUpClass -->
        <test-method signature="runScenario(io.cucumber.testng.PickleWrapper,io.cucumber.testng.FeatureWrapper)[pri:0, instance:Runner.Testngrunner@f5acb9d]" started-at="2022-08-11T22:00:24 IST" name="runScenario" description="Runs Cucumber Scenarios" data-provider="scenarios" finished-at="2022-08-11T22:00:36 IST" duration-ms="12189" status="PASS">
          <params>
            <param index="0">
              <value>
                <![CDATA["To validate the test"]]>
              </value>
            </param>
            <param index="1">
              <value>
                <![CDATA["To test OrangeHRM"]]>
              </value>
            </param>
          </params>
          <reporter-output>
          </reporter-output>
        </test-method> <!-- runScenario -->
        <test-method is-config="true" signature="tearDownClass()[pri:0, instance:Runner.Testngrunner@f5acb9d]" started-at="2022-08-11T22:00:36 IST" name="tearDownClass" finished-at="2022-08-11T22:00:36 IST" duration-ms="63" status="PASS">
          <reporter-output>
          </reporter-output>
        </test-method> <!-- tearDownClass -->
      </class> <!-- Runner.Testngrunner -->
    </test> <!-- Default test -->
  </suite> <!-- Default suite -->
</testng-results>
